<?xml version="1.0" encoding="UTF-8"?>
<testsuite name="Scenario: Verify timline is displayed in correct format" time="1.836" tests="18" errors="0" skipped="0" failures="0">
  <properties>
    <property name="java.runtime.name" value="Java(TM) SE Runtime Environment"/>
    <property name="sun.boot.library.path" value="/Library/Java/JavaVirtualMachines/jdk1.8.0_202.jdk/Contents/Home/jre/lib"/>
    <property name="java.vm.version" value="25.202-b08"/>
    <property name="gopherProxySet" value="false"/>
    <property name="java.vm.vendor" value="Oracle Corporation"/>
    <property name="maven.multiModuleProjectDirectory" value="/Users/SHRK/Documents/cucumber_demo_framework"/>
    <property name="java.vendor.url" value="http://java.oracle.com/"/>
    <property name="path.separator" value=":"/>
    <property name="guice.disable.misplaced.annotation.check" value="true"/>
    <property name="java.vm.name" value="Java HotSpot(TM) 64-Bit Server VM"/>
    <property name="file.encoding.pkg" value="sun.io"/>
    <property name="user.country" value="US"/>
    <property name="sun.java.launcher" value="SUN_STANDARD"/>
    <property name="sun.os.patch.level" value="unknown"/>
    <property name="java.vm.specification.name" value="Java Virtual Machine Specification"/>
    <property name="user.dir" value="/Users/SHRK/Documents/cucumber_demo_framework"/>
    <property name="java.runtime.version" value="1.8.0_202-b08"/>
    <property name="java.awt.graphicsenv" value="sun.awt.CGraphicsEnvironment"/>
    <property name="java.endorsed.dirs" value="/Library/Java/JavaVirtualMachines/jdk1.8.0_202.jdk/Contents/Home/jre/lib/endorsed"/>
    <property name="os.arch" value="x86_64"/>
    <property name="java.io.tmpdir" value="/var/folders/5_/6bc6mtnj5b5dc8pszrk_mr4w0000gn/T/"/>
    <property name="line.separator" value="&#10;"/>
    <property name="java.vm.specification.vendor" value="Oracle Corporation"/>
    <property name="os.name" value="Mac OS X"/>
    <property name="classworlds.conf" value="/usr/local/Cellar/maven/3.6.1/libexec/bin/m2.conf"/>
    <property name="sun.jnu.encoding" value="UTF-8"/>
    <property name="java.library.path" value="/Users/SHRK/Library/Java/Extensions:/Library/Java/Extensions:/Network/Library/Java/Extensions:/System/Library/Java/Extensions:/usr/lib/java:."/>
    <property name="maven.conf" value="/usr/local/Cellar/maven/3.6.1/libexec/conf"/>
    <property name="java.specification.name" value="Java Platform API Specification"/>
    <property name="java.class.version" value="52.0"/>
    <property name="sun.management.compiler" value="HotSpot 64-Bit Tiered Compilers"/>
    <property name="os.version" value="10.14.5"/>
    <property name="library.jansi.path" value="/usr/local/Cellar/maven/3.6.1/libexec/lib/jansi-native"/>
    <property name="http.nonProxyHosts" value="local|*.local|169.254/16|*.169.254/16"/>
    <property name="user.home" value="/Users/SHRK"/>
    <property name="user.timezone" value="America/New_York"/>
    <property name="java.awt.printerjob" value="sun.lwawt.macosx.CPrinterJob"/>
    <property name="java.specification.version" value="1.8"/>
    <property name="file.encoding" value="UTF-8"/>
    <property name="user.name" value="SHRK"/>
    <property name="java.class.path" value="/usr/local/Cellar/maven/3.6.1/libexec/boot/plexus-classworlds-2.6.0.jar"/>
    <property name="java.vm.specification.version" value="1.8"/>
    <property name="sun.arch.data.model" value="64"/>
    <property name="java.home" value="/Library/Java/JavaVirtualMachines/jdk1.8.0_202.jdk/Contents/Home/jre"/>
    <property name="sun.java.command" value="org.codehaus.plexus.classworlds.launcher.Launcher clean test"/>
    <property name="java.specification.vendor" value="Oracle Corporation"/>
    <property name="user.language" value="en"/>
    <property name="awt.toolkit" value="sun.lwawt.macosx.LWCToolkit"/>
    <property name="java.vm.info" value="mixed mode"/>
    <property name="java.version" value="1.8.0_202"/>
    <property name="java.ext.dirs" value="/Users/SHRK/Library/Java/Extensions:/Library/Java/JavaVirtualMachines/jdk1.8.0_202.jdk/Contents/Home/jre/lib/ext:/Library/Java/Extensions:/Network/Library/Java/Extensions:/System/Library/Java/Extensions:/usr/lib/java"/>
    <property name="sun.boot.class.path" value="/Library/Java/JavaVirtualMachines/jdk1.8.0_202.jdk/Contents/Home/jre/lib/resources.jar:/Library/Java/JavaVirtualMachines/jdk1.8.0_202.jdk/Contents/Home/jre/lib/rt.jar:/Library/Java/JavaVirtualMachines/jdk1.8.0_202.jdk/Contents/Home/jre/lib/sunrsasign.jar:/Library/Java/JavaVirtualMachines/jdk1.8.0_202.jdk/Contents/Home/jre/lib/jsse.jar:/Library/Java/JavaVirtualMachines/jdk1.8.0_202.jdk/Contents/Home/jre/lib/jce.jar:/Library/Java/JavaVirtualMachines/jdk1.8.0_202.jdk/Contents/Home/jre/lib/charsets.jar:/Library/Java/JavaVirtualMachines/jdk1.8.0_202.jdk/Contents/Home/jre/lib/jfr.jar:/Library/Java/JavaVirtualMachines/jdk1.8.0_202.jdk/Contents/Home/jre/classes"/>
    <property name="java.vendor" value="Oracle Corporation"/>
    <property name="maven.home" value="/usr/local/Cellar/maven/3.6.1/libexec"/>
    <property name="file.separator" value="/"/>
    <property name="java.vendor.url.bug" value="http://bugreport.sun.com/bugreport/"/>
    <property name="sun.cpu.endian" value="little"/>
    <property name="sun.io.unicode.encoding" value="UnicodeBig"/>
    <property name="socksNonProxyHosts" value="local|*.local|169.254/16|*.169.254/16"/>
    <property name="ftp.nonProxyHosts" value="local|*.local|169.254/16|*.169.254/16"/>
    <property name="sun.cpu.isalist" value=""/>
  </properties>
  <testcase name="Given I am on Darksky HomePage" classname="Scenario: Verify invalid signup error message" time="0.759"/>
  <testcase name="Given I am on the darksky Register page" classname="Scenario: Verify invalid signup error message" time="0.001"/>
  <testcase name="When I click on Register button" classname="Scenario: Verify invalid signup error message" time="0.001"/>
  <testcase name="Then I verify im still on register page" classname="Scenario: Verify invalid signup error message" time="0"/>
  <testcase name="Scenario: Verify invalid signup error message" classname="Scenario: Verify invalid signup error message" time="0.366"/>
  <testcase name="Given I am on Darksky HomePage" classname="Scenario: Verify Current Temperature should not be greater or less than the Temperature from Daily Timeline" time="0.008"/>
  <testcase name="Given I am on the DarkSky Home Page" classname="Scenario: Verify Current Temperature should not be greater or less than the Temperature from Daily Timeline" time="0.001"/>
  <testcase name="Then I verify current temp is not greater or less then temps from daily timeline" classname="Scenario: Verify Current Temperature should not be greater or less than the Temperature from Daily Timeline" time="0.001"/>
  <testcase name="Scenario: Verify Current Temperature should not be greater or less than the Temperature from Daily Timeline" classname="Scenario: Verify Current Temperature should not be greater or less than the Temperature from Daily Timeline" time="0.179"/>
  <testcase name="Given I am on Darksky HomePage" classname="Scenario: Verify individual day temp timeline" time="0.004"/>
  <testcase name="Given I am on the DarkSky Home Page" classname="Scenario: Verify individual day temp timeline" time="0"/>
  <testcase name="When I expand todays timeline" classname="Scenario: Verify individual day temp timeline" time="0"/>
  <testcase name="Then I verify lowest and highest temp is displayed correctly" classname="Scenario: Verify individual day temp timeline" time="0"/>
  <testcase name="Scenario: Verify individual day temp timeline" classname="Scenario: Verify individual day temp timeline" time="0.181"/>
  <testcase name="Given I am on Darksky HomePage" classname="Scenario: Verify timline is displayed in correct format" time="0.003"/>
  <testcase name="Given I am on the DarkSky Home Page" classname="Scenario: Verify timline is displayed in correct format" time="0"/>
  <testcase name="Then I verify timeline is displayed with two hours incremented" classname="Scenario: Verify timline is displayed in correct format" time="0"/>
  <testcase name="Scenario: Verify timline is displayed in correct format" classname="Scenario: Verify timline is displayed in correct format" time="0.332"/>
</testsuite>